<?xml version="1.0" encoding="UTF-8"?>
<testng-results ignored="0" total="3" passed="1" failed="1" skipped="1">
  <reporter-output>
  </reporter-output>
  <suite started-at="2025-10-14T20:29:40 IST" name="Parabank Test Suite" finished-at="2025-10-14T20:29:47 IST" duration-ms="6790">
    <groups>
      <group name="login">
        <method signature="LoginPageTest.verifyLoginWithValidCredentials(java.lang.String,java.lang.String)[pri:1, instance:Test.LoginPageTest@3a7442c7]" name="verifyLoginWithValidCredentials" class="Test.LoginPageTest"/>
      </group> <!-- login -->
      <group name="register">
        <method signature="RegisterPageTest.RegistrationProcessTest(java.lang.String,java.lang.String)[pri:0, instance:Test.RegisterPageTest@6bbe85a8]" name="RegistrationProcessTest" class="Test.RegisterPageTest"/>
      </group> <!-- register -->
    </groups>
    <test started-at="2025-10-14T20:29:40 IST" name="Parabank Smoke Test" finished-at="2025-10-14T20:29:47 IST" duration-ms="6790">
      <class name="Test.LoginPageTest">
        <test-method is-config="true" signature="setUp()[pri:0, instance:Test.LoginPageTest@3a7442c7]" started-at="2025-10-14T20:29:43 IST" name="setUp" finished-at="2025-10-14T20:29:43 IST" duration-ms="1" status="PASS">
          <reporter-output>
          </reporter-output>
        </test-method> <!-- setUp -->
        <test-method signature="verifyLoginWithValidCredentials(java.lang.String,java.lang.String)[pri:1, instance:Test.LoginPageTest@3a7442c7]" started-at="2025-10-14T20:29:43 IST" name="verifyLoginWithValidCredentials" data-provider="LoginScenario" finished-at="2025-10-14T20:29:47 IST" duration-ms="4006" status="FAIL">
          <params>
            <param index="0">
              <value>
                <![CDATA[Chand-123]]>
              </value>
            </param>
            <param index="1">
              <value>
                <![CDATA[Chand@123]]>
              </value>
            </param>
          </params>
          <exception class="java.lang.AssertionError">
            <message>
              <![CDATA[Title of the Page mismatched expected [ParaBank | Accounts Overview] but found [ParaBank | Error]]]>
            </message>
            <full-stacktrace>
              <![CDATA[java.lang.AssertionError: Title of the Page mismatched expected [ParaBank | Accounts Overview] but found [ParaBank | Error]
at org.testng.Assert.fail(Assert.java:111)
at org.testng.Assert.failNotEquals(Assert.java:1578)
at org.testng.Assert.assertEqualsImpl(Assert.java:150)
at org.testng.Assert.assertEquals(Assert.java:132)
at org.testng.Assert.assertEquals(Assert.java:656)
at Test.LoginPageTest.verifyLoginWithValidCredentials(LoginPageTest.java:37)
at java.base/jdk.internal.reflect.NativeMethodAccessorImpl.invoke0(Native Method)
at java.base/jdk.internal.reflect.NativeMethodAccessorImpl.invoke(NativeMethodAccessorImpl.java:62)
at java.base/jdk.internal.reflect.DelegatingMethodAccessorImpl.invoke(DelegatingMethodAccessorImpl.java:43)
at java.base/java.lang.reflect.Method.invoke(Method.java:566)
at org.testng.internal.invokers.MethodInvocationHelper.invokeMethod(MethodInvocationHelper.java:141)
at org.testng.internal.invokers.TestInvoker.invokeMethod(TestInvoker.java:686)
at org.testng.internal.invokers.TestInvoker.invokeTestMethod(TestInvoker.java:230)
at org.testng.internal.invokers.MethodRunner.runInSequence(MethodRunner.java:63)
at org.testng.internal.invokers.TestInvoker$MethodInvocationAgent.invoke(TestInvoker.java:992)
at org.testng.internal.invokers.TestInvoker.invokeTestMethods(TestInvoker.java:203)
at org.testng.internal.invokers.TestMethodWorker.invokeTestMethods(TestMethodWorker.java:154)
at org.testng.internal.invokers.TestMethodWorker.run(TestMethodWorker.java:134)
at java.base/java.util.ArrayList.forEach(ArrayList.java:1541)
at org.testng.TestRunner.privateRun(TestRunner.java:739)
at org.testng.TestRunner.run(TestRunner.java:614)
at org.testng.SuiteRunner.runTest(SuiteRunner.java:421)
at org.testng.SuiteRunner.runSequentially(SuiteRunner.java:413)
at org.testng.SuiteRunner.privateRun(SuiteRunner.java:373)
at org.testng.SuiteRunner.run(SuiteRunner.java:312)
at org.testng.SuiteRunnerWorker.runSuite(SuiteRunnerWorker.java:52)
at org.testng.SuiteRunnerWorker.run(SuiteRunnerWorker.java:95)
at org.testng.TestNG.runSuitesSequentially(TestNG.java:1274)
at org.testng.TestNG.runSuitesLocally(TestNG.java:1208)
at org.testng.TestNG.runSuites(TestNG.java:1112)
at org.testng.TestNG.run(TestNG.java:1079)
at org.testng.remote.AbstractRemoteTestNG.run(AbstractRemoteTestNG.java:115)
at org.testng.remote.RemoteTestNG.initAndRun(RemoteTestNG.java:293)
at org.testng.remote.RemoteTestNG.main(RemoteTestNG.java:91)
]]>
            </full-stacktrace>
          </exception> <!-- java.lang.AssertionError -->
          <reporter-output>
          </reporter-output>
        </test-method> <!-- verifyLoginWithValidCredentials -->
      </class> <!-- Test.LoginPageTest -->
      <class name="Test.TestSuiteSetUp">
        <test-method is-config="true" signature="setUpTest()[pri:0, instance:Test.TestSuiteSetUp@117159c0]" started-at="2025-10-14T20:29:37 IST" name="setUpTest" finished-at="2025-10-14T20:29:40 IST" duration-ms="3186" status="PASS">
          <reporter-output>
          </reporter-output>
        </test-method> <!-- setUpTest -->
        <test-method is-config="true" signature="quitBrowser()[pri:0, instance:Test.TestSuiteSetUp@117159c0]" started-at="2025-10-14T20:29:47 IST" name="quitBrowser" finished-at="2025-10-14T20:29:50 IST" duration-ms="3322" status="PASS">
          <reporter-output>
          </reporter-output>
        </test-method> <!-- quitBrowser -->
      </class> <!-- Test.TestSuiteSetUp -->
      <class name="Test.TransferFundPageTest">
        <test-method signature="transferFundsPageTest()[pri:0, instance:Test.TransferFundPageTest@4be29ed9]" started-at="2025-10-14T20:29:47 IST" name="transferFundsPageTest" depends-on-groups="login" finished-at="2025-10-14T20:29:47 IST" duration-ms="0" status="SKIP">
          <exception class="java.lang.Throwable">
            <message>
              <![CDATA[Method TransferFundPageTest.transferFundsPageTest()[pri:0, instance:Test.TransferFundPageTest@4be29ed9] depends on not successfully finished methods in group "login"]]>
            </message>
            <full-stacktrace>
              <![CDATA[java.lang.Throwable: Method TransferFundPageTest.transferFundsPageTest()[pri:0, instance:Test.TransferFundPageTest@4be29ed9] depends on not successfully finished methods in group "login"
at org.testng.internal.invokers.TestInvoker.invokeTestMethods(TestInvoker.java:159)
at org.testng.internal.invokers.TestMethodWorker.invokeTestMethods(TestMethodWorker.java:154)
at org.testng.internal.invokers.TestMethodWorker.run(TestMethodWorker.java:134)
at java.base/java.util.ArrayList.forEach(ArrayList.java:1541)
at org.testng.TestRunner.privateRun(TestRunner.java:739)
at org.testng.TestRunner.run(TestRunner.java:614)
at org.testng.SuiteRunner.runTest(SuiteRunner.java:421)
at org.testng.SuiteRunner.runSequentially(SuiteRunner.java:413)
at org.testng.SuiteRunner.privateRun(SuiteRunner.java:373)
at org.testng.SuiteRunner.run(SuiteRunner.java:312)
at org.testng.SuiteRunnerWorker.runSuite(SuiteRunnerWorker.java:52)
at org.testng.SuiteRunnerWorker.run(SuiteRunnerWorker.java:95)
at org.testng.TestNG.runSuitesSequentially(TestNG.java:1274)
at org.testng.TestNG.runSuitesLocally(TestNG.java:1208)
at org.testng.TestNG.runSuites(TestNG.java:1112)
at org.testng.TestNG.run(TestNG.java:1079)
at org.testng.remote.AbstractRemoteTestNG.run(AbstractRemoteTestNG.java:115)
at org.testng.remote.RemoteTestNG.initAndRun(RemoteTestNG.java:293)
at org.testng.remote.RemoteTestNG.main(RemoteTestNG.java:91)
]]>
            </full-stacktrace>
          </exception> <!-- java.lang.Throwable -->
          <reporter-output>
          </reporter-output>
        </test-method> <!-- transferFundsPageTest -->
      </class> <!-- Test.TransferFundPageTest -->
      <class name="Test.RegisterPageTest">
        <test-method is-config="true" signature="setUp()[pri:0, instance:Test.RegisterPageTest@6bbe85a8]" started-at="2025-10-14T20:29:40 IST" name="setUp" finished-at="2025-10-14T20:29:40 IST" duration-ms="2" status="PASS">
          <reporter-output>
          </reporter-output>
        </test-method> <!-- setUp -->
        <test-method signature="RegistrationProcessTest(java.lang.String,java.lang.String)[pri:0, instance:Test.RegisterPageTest@6bbe85a8]" started-at="2025-10-14T20:29:40 IST" name="RegistrationProcessTest" data-provider="RegisterScenario" finished-at="2025-10-14T20:29:43 IST" duration-ms="2744" status="PASS">
          <params>
            <param index="0">
              <value>
                <![CDATA[Chand-123]]>
              </value>
            </param>
            <param index="1">
              <value>
                <![CDATA[Chand@123]]>
              </value>
            </param>
          </params>
          <reporter-output>
          </reporter-output>
        </test-method> <!-- RegistrationProcessTest -->
      </class> <!-- Test.RegisterPageTest -->
    </test> <!-- Parabank Smoke Test -->
  </suite> <!-- Parabank Test Suite -->
</testng-results>
